<?xml version="1.0" encoding="UTF-8"?>
<!-- Generated by org.testng.reporters.JUnitReportReporter -->
<testsuite hostname="IFSCLIENT-41603" failures="0" tests="1" name="com.actitime.testcases.HomePageTest" time="14.021" errors="0" timestamp="2022-11-07T23:38:33 IST" skipped="0">
  <testcase classname="com.actitime.testcases.HomePageTest" name="homePageTaskLinkTest" time="14.021"/>
  <system-out/>
</testsuite> <!-- com.actitime.testcases.HomePageTest -->
